  Andy.cpp
  battleScreen.cpp
C:\Users\mypeo\Documents\GitHub\PA9\PA9\PA9\battleScreen.cpp(97,69): warning C4244: 'argument': conversion from 'int' to 'float', possible loss of data
C:\Users\mypeo\Documents\GitHub\PA9\PA9\PA9\battleScreen.cpp(97,46): warning C4244: 'argument': conversion from 'int' to 'float', possible loss of data
C:\Users\mypeo\Documents\GitHub\PA9\PA9\PA9\battleScreen.cpp(98,65): warning C4244: 'argument': conversion from 'int' to 'float', possible loss of data
C:\Users\mypeo\Documents\GitHub\PA9\PA9\PA9\battleScreen.cpp(98,44): warning C4244: 'argument': conversion from 'int' to 'float', possible loss of data
  character.cpp
  enemyCharacter.cpp
  gameMange.cpp
C:\Users\mypeo\Documents\GitHub\PA9\PA9\PA9\gameMange.cpp(9,26): warning C4834: discarding return value of function with [[nodiscard]] attribute
C:\Users\mypeo\Documents\GitHub\PA9\PA9\PA9\gameMange.cpp(10,27): warning C4834: discarding return value of function with [[nodiscard]] attribute
C:\Users\mypeo\Documents\GitHub\PA9\PA9\PA9\gameMange.cpp(11,29): warning C4834: discarding return value of function with [[nodiscard]] attribute
C:\Users\mypeo\Documents\GitHub\PA9\PA9\PA9\gameMange.cpp(12,35): warning C4834: discarding return value of function with [[nodiscard]] attribute
C:\Users\mypeo\Documents\GitHub\PA9\PA9\PA9\gameMange.cpp(13,25): warning C4834: discarding return value of function with [[nodiscard]] attribute
  hpBar.cpp
C:\Users\mypeo\Documents\GitHub\PA9\PA9\PA9\hpBar.cpp(5,43): warning C4244: 'argument': conversion from 'double' to 'T', possible loss of data
C:\Users\mypeo\Documents\GitHub\PA9\PA9\PA9\hpBar.cpp(5,43): warning C4244:         with
C:\Users\mypeo\Documents\GitHub\PA9\PA9\PA9\hpBar.cpp(5,43): warning C4244:         [
C:\Users\mypeo\Documents\GitHub\PA9\PA9\PA9\hpBar.cpp(5,43): warning C4244:             T=float
C:\Users\mypeo\Documents\GitHub\PA9\PA9\PA9\hpBar.cpp(5,43): warning C4244:         ]
C:\Users\mypeo\Documents\GitHub\PA9\PA9\PA9\hpBar.cpp(5,34): warning C4244: 'argument': conversion from 'double' to 'T', possible loss of data
C:\Users\mypeo\Documents\GitHub\PA9\PA9\PA9\hpBar.cpp(5,34): warning C4244:         with
C:\Users\mypeo\Documents\GitHub\PA9\PA9\PA9\hpBar.cpp(5,34): warning C4244:         [
C:\Users\mypeo\Documents\GitHub\PA9\PA9\PA9\hpBar.cpp(5,34): warning C4244:             T=float
C:\Users\mypeo\Documents\GitHub\PA9\PA9\PA9\hpBar.cpp(5,34): warning C4244:         ]
  levelSelectScreen.cpp
  main.cpp
C:\Users\mypeo\Documents\GitHub\PA9\PA9\PA9\main.cpp(8,25): warning C4244: 'argument': conversion from 'time_t' to 'unsigned int', possible loss of data
  move.cpp
  Player.cpp
  Screen.cpp
  test.cpp
C:\Users\mypeo\Documents\GitHub\PA9\PA9\PA9\test.cpp(122,20): warning C4244: 'initializing': conversion from 'double' to 'int', possible loss of data
C:\Users\mypeo\Documents\GitHub\PA9\PA9\PA9\test.cpp(123,41): warning C4244: '-=': conversion from 'double' to 'int', possible loss of data
  textBox.cpp
  turnWrapper.cpp
C:\Users\mypeo\Documents\GitHub\PA9\PA9\PA9\turnWrapper.cpp(93,19): warning C4244: 'initializing': conversion from 'double' to 'int', possible loss of data
C:\Users\mypeo\Documents\GitHub\PA9\PA9\PA9\turnWrapper.cpp(94,41): warning C4244: '-=': conversion from 'double' to 'int', possible loss of data
C:\Users\mypeo\Documents\GitHub\PA9\PA9\PA9\turnWrapper.cpp(136,11): error C2440: 'initializing': cannot convert from 'const Move' to 'Move &'
      C:\Users\mypeo\Documents\GitHub\PA9\PA9\PA9\turnWrapper.cpp(136,11):
      Conversion loses qualifiers
  
C:\Users\mypeo\Documents\GitHub\PA9\PA9\PA9\turnWrapper.cpp(193,32): error C2440: '=': cannot convert from 'const Move *' to 'Move *'
      C:\Users\mypeo\Documents\GitHub\PA9\PA9\PA9\turnWrapper.cpp(193,32):
      Conversion loses qualifiers
  
C:\Users\mypeo\Documents\GitHub\PA9\PA9\PA9\turnWrapper.cpp(197,36): error C2440: '=': cannot convert from 'const Move *' to 'Move *'
      C:\Users\mypeo\Documents\GitHub\PA9\PA9\PA9\turnWrapper.cpp(197,36):
      Conversion loses qualifiers
  
C:\Users\mypeo\Documents\GitHub\PA9\PA9\PA9\turnWrapper.cpp(201,36): error C2440: '=': cannot convert from 'const Move *' to 'Move *'
      C:\Users\mypeo\Documents\GitHub\PA9\PA9\PA9\turnWrapper.cpp(201,36):
      Conversion loses qualifiers
  
  Generating Code...
