c:\users\chris\downloads\textbooks\spring 2025\cpts 122\pa 9\pa9\pa9\pa9\x64\debug\vc143.pdb
c:\users\chris\downloads\textbooks\spring 2025\cpts 122\pa 9\pa9\pa9\pa9\x64\debug\vc143.idb
c:\users\chris\downloads\textbooks\spring 2025\cpts 122\pa 9\pa9\pa9\pa9\x64\debug\turnwrapper.obj
c:\users\chris\downloads\textbooks\spring 2025\cpts 122\pa 9\pa9\pa9\pa9\x64\debug\textbox.obj
c:\users\chris\downloads\textbooks\spring 2025\cpts 122\pa 9\pa9\pa9\pa9\x64\debug\test.obj
c:\users\chris\downloads\textbooks\spring 2025\cpts 122\pa 9\pa9\pa9\pa9\x64\debug\screen.obj
c:\users\chris\downloads\textbooks\spring 2025\cpts 122\pa 9\pa9\pa9\pa9\x64\debug\player.obj
c:\users\chris\downloads\textbooks\spring 2025\cpts 122\pa 9\pa9\pa9\pa9\x64\debug\move.obj
c:\users\chris\downloads\textbooks\spring 2025\cpts 122\pa 9\pa9\pa9\pa9\x64\debug\main.obj
c:\users\chris\downloads\textbooks\spring 2025\cpts 122\pa 9\pa9\pa9\pa9\x64\debug\levelselectscreen.obj
c:\users\chris\downloads\textbooks\spring 2025\cpts 122\pa 9\pa9\pa9\pa9\x64\debug\hpbar.obj
c:\users\chris\downloads\textbooks\spring 2025\cpts 122\pa 9\pa9\pa9\pa9\x64\debug\gamemange.obj
c:\users\chris\downloads\textbooks\spring 2025\cpts 122\pa 9\pa9\pa9\pa9\x64\debug\enemycharacter.obj
c:\users\chris\downloads\textbooks\spring 2025\cpts 122\pa 9\pa9\pa9\pa9\x64\debug\character.obj
c:\users\chris\downloads\textbooks\spring 2025\cpts 122\pa 9\pa9\pa9\pa9\x64\debug\battlescreen.obj
c:\users\chris\downloads\textbooks\spring 2025\cpts 122\pa 9\pa9\pa9\pa9\x64\debug\andy.obj
c:\users\chris\downloads\textbooks\spring 2025\cpts 122\pa 9\pa9\pa9\x64\debug\pa9.exe
c:\users\chris\downloads\textbooks\spring 2025\cpts 122\pa 9\pa9\pa9\pa9\x64\debug\pa9.tlog\cl.command.1.tlog
c:\users\chris\downloads\textbooks\spring 2025\cpts 122\pa 9\pa9\pa9\pa9\x64\debug\pa9.tlog\cl.read.1.tlog
c:\users\chris\downloads\textbooks\spring 2025\cpts 122\pa 9\pa9\pa9\pa9\x64\debug\pa9.tlog\cl.write.1.tlog
c:\users\chris\downloads\textbooks\spring 2025\cpts 122\pa 9\pa9\pa9\pa9\x64\debug\pa9.tlog\link.command.1.tlog
c:\users\chris\downloads\textbooks\spring 2025\cpts 122\pa 9\pa9\pa9\pa9\x64\debug\pa9.tlog\link.read.1.tlog
c:\users\chris\downloads\textbooks\spring 2025\cpts 122\pa 9\pa9\pa9\pa9\x64\debug\pa9.tlog\link.write.1.tlog
